Using pre-set license
Built from '2020.3/release' branch; Version is '2020.3.2f1 (8fd9074bf66c) revision 9427207'; Using compiler version '192528614'; Build Type 'Release'
OS: 'Windows 10 Pro; OS build 19041.928; Version 2004; 64bit' Language: 'en' Physical Memory: 16338 MB
BatchMode: 1, IsHumanControllingUs: 0, StartBugReporterOnCrash: 0, Is64bit: 1, IsPro: 0

 COMMAND LINE ARGUMENTS:
C:\Program Files\Unity\Hub\Editor\2020.3.2f1\Editor\Unity.exe
-adb2
-batchMode
-noUpm
-name
AssetImportWorker0
-projectPath
C:/Users/dmart/Desktop/Unity/pathfinding
-logFile
Logs/AssetImportWorker0.log
-srvPort
50567
Successfully changed project path to: C:/Users/dmart/Desktop/Unity/pathfinding
C:/Users/dmart/Desktop/Unity/pathfinding
Using Asset Import Pipeline V2.
Refreshing native plugins compatible for Editor in 18.54 ms, found 0 plugins.
Preloading 0 native plugins for Editor in 0.00 ms.
Initialize engine version: 2020.3.2f1 (8fd9074bf66c)
[Subsystems] Discovering subsystems at path C:/Program Files/Unity/Hub/Editor/2020.3.2f1/Editor/Data/Resources/UnitySubsystems
[Subsystems] Discovering subsystems at path C:/Users/dmart/Desktop/Unity/pathfinding/Assets
GfxDevice: creating device client; threaded=0
Direct3D:
    Version:  Direct3D 11.0 [level 11.1]
    Renderer: NVIDIA GeForce RTX 3070 (ID=0x2484)
    Vendor:   
    VRAM:     8043 MB
    Driver:   27.21.14.6627
Initialize mono
Mono path[0] = 'C:/Program Files/Unity/Hub/Editor/2020.3.2f1/Editor/Data/Managed'
Mono path[1] = 'C:/Program Files/Unity/Hub/Editor/2020.3.2f1/Editor/Data/MonoBleedingEdge/lib/mono/unityjit'
Mono config path = 'C:/Program Files/Unity/Hub/Editor/2020.3.2f1/Editor/Data/MonoBleedingEdge/etc'
Using monoOptions --debugger-agent=transport=dt_socket,embedding=1,server=y,suspend=n,address=127.0.0.1:56392
Begin MonoManager ReloadAssembly
Registering precompiled unity dll's ...
Register platform support module: C:/Program Files/Unity/Hub/Editor/2020.3.2f1/Editor/Data/PlaybackEngines/WindowsStandaloneSupport/UnityEditor.WindowsStandalone.Extensions.dll
Registered in 0.001315 seconds.
Native extension for WindowsStandalone target not found
Refreshing native plugins compatible for Editor in 18.58 ms, found 0 plugins.
Preloading 0 native plugins for Editor in 0.00 ms.
Invoked RoslynAnalysisRunner static constructor.
RoslynAnalysisRunner will not be running.
RoslynAnalysisRunner has terminated.
Mono: successfully reloaded assembly
- Completed reload, in  1.339 seconds
Platform modules already initialized, skipping
Registering precompiled user dll's ...
Registered in 0.000507 seconds.
Begin MonoManager ReloadAssembly
Native extension for WindowsStandalone target not found
Refreshing native plugins compatible for Editor in 0.18 ms, found 0 plugins.
Preloading 0 native plugins for Editor in 0.00 ms.
Invoked RoslynAnalysisRunner static constructor.
RoslynAnalysisRunner will not be running.
RoslynAnalysisRunner has terminated.
Mono: successfully reloaded assembly
- Completed reload, in  0.677 seconds
Platform modules already initialized, skipping
========================================================================
Worker process is ready to serve import requests
Launched and connected shader compiler UnityShaderCompiler.exe after 0.03 seconds
Refreshing native plugins compatible for Editor in 0.23 ms, found 0 plugins.
Preloading 0 native plugins for Editor in 0.00 ms.
Unloading 1115 Unused Serialized files (Serialized files now loaded: 0)
System memory in use before: 57.1 MB.
System memory in use after: 57.1 MB.

Unloading 10 unused Assets to reduce memory usage. Loaded Objects now: 1557.
Total: 1.920400 ms (FindLiveObjects: 0.124800 ms CreateObjectMapping: 0.040900 ms MarkObjects: 1.684000 ms  DeleteObjects: 0.069800 ms)

========================================================================
Received Import Request.
  path: Assets
  artifactKey: Guid(00000000000000001000000000000000) Importer(815301076,1909f56bfc062723c751e8b465ee728b)
Start importing Assets using Guid(00000000000000001000000000000000) Importer(815301076,1909f56bfc062723c751e8b465ee728b)  -> (artifact id: '819a33a9bd799f71faca6db75e8a216c') in 0.007524 seconds
  Import took 0.009429 seconds .

========================================================================
Received Import Request.
  Time since last request: 3.777182 seconds.
  path: Assets/Pathfinding.cs
  artifactKey: Guid(83364044919c83f42bf0dc565e3911c3) Importer(815301076,1909f56bfc062723c751e8b465ee728b)
Start importing Assets/Pathfinding.cs using Guid(83364044919c83f42bf0dc565e3911c3) Importer(815301076,1909f56bfc062723c751e8b465ee728b)  -> (artifact id: '5c8111ae63647ded3d05d4042ef277e3') in 0.030731 seconds
  Import took 0.032331 seconds .

========================================================================
Received Prepare
Registering precompiled user dll's ...
Registered in 0.000495 seconds.
Begin MonoManager ReloadAssembly
Native extension for WindowsStandalone target not found
Refreshing native plugins compatible for Editor in 0.29 ms, found 0 plugins.
Preloading 0 native plugins for Editor in 0.00 ms.
Invoked RoslynAnalysisRunner static constructor.
RoslynAnalysisRunner will not be running.
RoslynAnalysisRunner has terminated.
Mono: successfully reloaded assembly
- Completed reload, in  0.719 seconds
Platform modules already initialized, skipping
Refreshing native plugins compatible for Editor in 0.18 ms, found 0 plugins.
Preloading 0 native plugins for Editor in 0.00 ms.
Unloading 1111 Unused Serialized files (Serialized files now loaded: 0)
System memory in use before: 57.0 MB.
System memory in use after: 57.1 MB.

Unloading 5 unused Assets to reduce memory usage. Loaded Objects now: 1561.
Total: 1.505800 ms (FindLiveObjects: 0.194700 ms CreateObjectMapping: 0.050900 ms MarkObjects: 1.217600 ms  DeleteObjects: 0.041500 ms)

========================================================================
Received Prepare
Registering precompiled user dll's ...
Registered in 0.000518 seconds.
Begin MonoManager ReloadAssembly
Native extension for WindowsStandalone target not found
Refreshing native plugins compatible for Editor in 0.18 ms, found 0 plugins.
Preloading 0 native plugins for Editor in 0.00 ms.
Invoked RoslynAnalysisRunner static constructor.
RoslynAnalysisRunner will not be running.
RoslynAnalysisRunner has terminated.
Mono: successfully reloaded assembly
- Completed reload, in  0.679 seconds
Platform modules already initialized, skipping
Refreshing native plugins compatible for Editor in 0.18 ms, found 0 plugins.
Preloading 0 native plugins for Editor in 0.00 ms.
Unloading 1111 Unused Serialized files (Serialized files now loaded: 0)
System memory in use before: 57.0 MB.
System memory in use after: 57.1 MB.

Unloading 5 unused Assets to reduce memory usage. Loaded Objects now: 1564.
Total: 1.484000 ms (FindLiveObjects: 0.119300 ms CreateObjectMapping: 0.031500 ms MarkObjects: 1.287700 ms  DeleteObjects: 0.044500 ms)

========================================================================
Received Import Request.
  Time since last request: 139.216110 seconds.
  path: Assets/Pathfinding.cs
  artifactKey: Guid(83364044919c83f42bf0dc565e3911c3) Importer(815301076,1909f56bfc062723c751e8b465ee728b)
Start importing Assets/Pathfinding.cs using Guid(83364044919c83f42bf0dc565e3911c3) Importer(815301076,1909f56bfc062723c751e8b465ee728b)  -> (artifact id: '06198866df924737a1d0c0084fce1d78') in 0.003762 seconds
  Import took 0.005534 seconds .

========================================================================
Received Import Request.
  Time since last request: 43.340766 seconds.
  path: Assets/Pathfinding.cs
  artifactKey: Guid(83364044919c83f42bf0dc565e3911c3) Importer(815301076,1909f56bfc062723c751e8b465ee728b)
Start importing Assets/Pathfinding.cs using Guid(83364044919c83f42bf0dc565e3911c3) Importer(815301076,1909f56bfc062723c751e8b465ee728b)  -> (artifact id: '30d31eada3a34237f8a5f4d2fe62ebe0') in 0.006275 seconds
  Import took 0.008447 seconds .

========================================================================
Received Import Request.
  Time since last request: 13.936558 seconds.
  path: Assets/_/Base/2DRenderer.asset
  artifactKey: Guid(ed10a5df6f26b374193c068a65e675a7) Importer(815301076,1909f56bfc062723c751e8b465ee728b)
Start importing Assets/_/Base/2DRenderer.asset using Guid(ed10a5df6f26b374193c068a65e675a7) Importer(815301076,1909f56bfc062723c751e8b465ee728b)  -> (artifact id: 'b7be49bd5aff1a97dc2c004c910e0956') in 0.010132 seconds
  Import took 0.011707 seconds .

========================================================================
Received Import Request.
  Time since last request: 0.000146 seconds.
  path: Assets/_/Base/LightweightRenderPipelineAsset.asset
  artifactKey: Guid(da422ab582ee5dc4aaa1763c7a37cbc2) Importer(815301076,1909f56bfc062723c751e8b465ee728b)
Start importing Assets/_/Base/LightweightRenderPipelineAsset.asset using Guid(da422ab582ee5dc4aaa1763c7a37cbc2) Importer(815301076,1909f56bfc062723c751e8b465ee728b)  -> (artifact id: '6879cb5ac539a79994f3c4e716ed60ac') in 0.009831 seconds
  Import took 0.011330 seconds .

========================================================================
Received Import Request.
  Time since last request: 10.794005 seconds.
  path: Assets/Pathfinding/Textures/Black_Red_Yellow_Green.png
  artifactKey: Guid(35ac95307194ada459a96ec351cc9e65) Importer(815301076,1909f56bfc062723c751e8b465ee728b)
Start importing Assets/Pathfinding/Textures/Black_Red_Yellow_Green.png using Guid(35ac95307194ada459a96ec351cc9e65) Importer(815301076,1909f56bfc062723c751e8b465ee728b)  -> (artifact id: '05cb5c06dd1627fb825424dc51429fb3') in 0.067159 seconds
  Import took 0.069192 seconds .

========================================================================
Received Import Request.
  Time since last request: 0.000143 seconds.
  path: Assets/Pathfinding/Textures/BlackRedYellowGreen.mat
  artifactKey: Guid(15605ce00d5ec5543889c3ef12fbdcc7) Importer(815301076,1909f56bfc062723c751e8b465ee728b)
Start importing Assets/Pathfinding/Textures/BlackRedYellowGreen.mat using Guid(15605ce00d5ec5543889c3ef12fbdcc7) Importer(815301076,1909f56bfc062723c751e8b465ee728b)  -> (artifact id: '2bff2dda8ddfce0bfd0949ff55b43394') in 0.063291 seconds
  Import took 0.065239 seconds .

========================================================================
Received Import Request.
  Time since last request: 0.000167 seconds.
  path: Assets/Pathfinding/Textures/SquareOutline.png
  artifactKey: Guid(4272d5110e0059c4a8bf4ac7e1a8f2e6) Importer(815301076,1909f56bfc062723c751e8b465ee728b)
Start importing Assets/Pathfinding/Textures/SquareOutline.png using Guid(4272d5110e0059c4a8bf4ac7e1a8f2e6) Importer(815301076,1909f56bfc062723c751e8b465ee728b)  -> (artifact id: 'd91d9ebb0f9b242728fa2d718aca0e0e') in 0.012611 seconds
  Import took 0.014247 seconds .

========================================================================
Received Import Request.
  Time since last request: 14.275055 seconds.
  path: Assets/Grid.cs
  artifactKey: Guid(a780b12e20258da468753ae828d1662f) Importer(815301076,1909f56bfc062723c751e8b465ee728b)
Start importing Assets/Grid.cs using Guid(a780b12e20258da468753ae828d1662f) Importer(815301076,1909f56bfc062723c751e8b465ee728b)  -> (artifact id: 'e13813459e752e453dd53599a8c6a2bb') in 0.007312 seconds
  Import took 0.009469 seconds .

========================================================================
Received Import Request.
  Time since last request: 0.018332 seconds.
  path: Assets/Grid.cs
  artifactKey: Guid(a780b12e20258da468753ae828d1662f) Importer(815301076,1909f56bfc062723c751e8b465ee728b)
Start importing Assets/Grid.cs using Guid(a780b12e20258da468753ae828d1662f) Importer(815301076,1909f56bfc062723c751e8b465ee728b)  -> (artifact id: 'e13813459e752e453dd53599a8c6a2bb') in 0.002695 seconds
  Import took 0.004828 seconds .

========================================================================
Received Import Request.
  Time since last request: 152.814496 seconds.
  path: Assets/Utils
  artifactKey: Guid(d314256d3b5031d4882852a811d52ad7) Importer(815301076,1909f56bfc062723c751e8b465ee728b)
Start importing Assets/Utils using Guid(d314256d3b5031d4882852a811d52ad7) Importer(815301076,1909f56bfc062723c751e8b465ee728b)  -> (artifact id: '5e93bdb47e3b81c5619b09466bf3a06f') in 0.008672 seconds
  Import took 0.010409 seconds .

========================================================================
Received Import Request.
  Time since last request: 0.000250 seconds.
  path: Assets/Utils
  artifactKey: Guid(d314256d3b5031d4882852a811d52ad7) Importer(815301076,1909f56bfc062723c751e8b465ee728b)
Start importing Assets/Utils using Guid(d314256d3b5031d4882852a811d52ad7) Importer(815301076,1909f56bfc062723c751e8b465ee728b)  -> (artifact id: '5e93bdb47e3b81c5619b09466bf3a06f') in 0.002445 seconds
  Import took 0.004339 seconds .

========================================================================
Received Import Request.
  Time since last request: 55.268156 seconds.
  path: Assets/UtilsClass.cs
  artifactKey: Guid(f66bb1f97ff3d544b9ca18625f3989a6) Importer(815301076,1909f56bfc062723c751e8b465ee728b)
Start importing Assets/UtilsClass.cs using Guid(f66bb1f97ff3d544b9ca18625f3989a6) Importer(815301076,1909f56bfc062723c751e8b465ee728b)  -> (artifact id: '09a260dcd267e9d3644deaec859dc766') in 0.006507 seconds
  Import took 0.008380 seconds .

========================================================================
Received Import Request.
  Time since last request: 171.980138 seconds.
  path: Assets/Button_Sprite.cs
  artifactKey: Guid(ff08dcc098600134cbf4c1cc703d2569) Importer(815301076,1909f56bfc062723c751e8b465ee728b)
Start importing Assets/Button_Sprite.cs using Guid(ff08dcc098600134cbf4c1cc703d2569) Importer(815301076,1909f56bfc062723c751e8b465ee728b)  -> (artifact id: '2a5acd0ad4990730b271a51278bfbba1') in 0.006689 seconds
  Import took 0.008617 seconds .

========================================================================
Received Import Request.
  Time since last request: 0.264300 seconds.
  path: Assets/Grid.cs
  artifactKey: Guid(a780b12e20258da468753ae828d1662f) Importer(815301076,1909f56bfc062723c751e8b465ee728b)
Start importing Assets/Grid.cs using Guid(a780b12e20258da468753ae828d1662f) Importer(815301076,1909f56bfc062723c751e8b465ee728b)  -> (artifact id: '9fbf26472e2797194b3b9f9ed762fea7') in 0.001715 seconds
  Import took 0.003353 seconds .

========================================================================
Received Import Request.
  Time since last request: 0.000568 seconds.
  path: Assets/Grid.cs
  artifactKey: Guid(a780b12e20258da468753ae828d1662f) Importer(815301076,1909f56bfc062723c751e8b465ee728b)
Start importing Assets/Grid.cs using Guid(a780b12e20258da468753ae828d1662f) Importer(815301076,1909f56bfc062723c751e8b465ee728b)  -> (artifact id: '9fbf26472e2797194b3b9f9ed762fea7') in 0.001868 seconds
  Import took 0.003539 seconds .

========================================================================
Received Prepare
Registering precompiled user dll's ...
Registered in 0.000516 seconds.
Begin MonoManager ReloadAssembly
Native extension for WindowsStandalone target not found
Refreshing native plugins compatible for Editor in 0.24 ms, found 0 plugins.
Preloading 0 native plugins for Editor in 0.00 ms.
Invoked RoslynAnalysisRunner static constructor.
RoslynAnalysisRunner will not be running.
RoslynAnalysisRunner has terminated.
Mono: successfully reloaded assembly
- Completed reload, in  0.647 seconds
Platform modules already initialized, skipping
Refreshing native plugins compatible for Editor in 0.18 ms, found 0 plugins.
Preloading 0 native plugins for Editor in 0.00 ms.
Unloading 1110 Unused Serialized files (Serialized files now loaded: 0)
System memory in use before: 60.4 MB.
System memory in use after: 60.5 MB.

Unloading 6 unused Assets to reduce memory usage. Loaded Objects now: 1612.
Total: 1.604300 ms (FindLiveObjects: 0.147700 ms CreateObjectMapping: 0.033000 ms MarkObjects: 1.371500 ms  DeleteObjects: 0.050600 ms)

========================================================================
Received Prepare
Registering precompiled user dll's ...
Registered in 0.000598 seconds.
Begin MonoManager ReloadAssembly
Native extension for WindowsStandalone target not found
Refreshing native plugins compatible for Editor in 0.27 ms, found 0 plugins.
Preloading 0 native plugins for Editor in 0.00 ms.
Invoked RoslynAnalysisRunner static constructor.
RoslynAnalysisRunner will not be running.
RoslynAnalysisRunner has terminated.
Mono: successfully reloaded assembly
- Completed reload, in  0.646 seconds
Platform modules already initialized, skipping
Refreshing native plugins compatible for Editor in 0.27 ms, found 0 plugins.
Preloading 0 native plugins for Editor in 0.00 ms.
Unloading 1234 Unused Serialized files (Serialized files now loaded: 0)
System memory in use before: 70.0 MB.
System memory in use after: 67.7 MB.

Unloading 37 unused Assets to reduce memory usage. Loaded Objects now: 1709.
Total: 3.652000 ms (FindLiveObjects: 0.229300 ms CreateObjectMapping: 0.105600 ms MarkObjects: 2.073500 ms  DeleteObjects: 1.241500 ms)

========================================================================
Received Import Request.
  Time since last request: 57.083566 seconds.
  path: Assets/Scenes
  artifactKey: Guid(193a7800cc0e41e43828a2d6e2f75e4f) Importer(815301076,1909f56bfc062723c751e8b465ee728b)
Start importing Assets/Scenes using Guid(193a7800cc0e41e43828a2d6e2f75e4f) Importer(815301076,1909f56bfc062723c751e8b465ee728b)  -> (artifact id: 'd49fa464b54a621e154ba329e9c15668') in 0.007255 seconds
  Import took 0.009160 seconds .

========================================================================
Received Import Request.
  Time since last request: 0.003326 seconds.
  path: Assets/Scenes
  artifactKey: Guid(193a7800cc0e41e43828a2d6e2f75e4f) Importer(815301076,1909f56bfc062723c751e8b465ee728b)
Start importing Assets/Scenes using Guid(193a7800cc0e41e43828a2d6e2f75e4f) Importer(815301076,1909f56bfc062723c751e8b465ee728b)  -> (artifact id: 'd49fa464b54a621e154ba329e9c15668') in 0.001703 seconds
  Import took 0.003737 seconds .

========================================================================
Received Prepare
Registering precompiled user dll's ...
Registered in 0.000581 seconds.
Begin MonoManager ReloadAssembly
Native extension for WindowsStandalone target not found
Refreshing native plugins compatible for Editor in 0.28 ms, found 0 plugins.
Preloading 0 native plugins for Editor in 0.00 ms.
Invoked RoslynAnalysisRunner static constructor.
RoslynAnalysisRunner will not be running.
RoslynAnalysisRunner has terminated.
Mono: successfully reloaded assembly
- Completed reload, in  0.631 seconds
Platform modules already initialized, skipping
Refreshing native plugins compatible for Editor in 0.28 ms, found 0 plugins.
Preloading 0 native plugins for Editor in 0.00 ms.
Unloading 1233 Unused Serialized files (Serialized files now loaded: 0)
System memory in use before: 70.0 MB.
System memory in use after: 67.6 MB.

Unloading 37 unused Assets to reduce memory usage. Loaded Objects now: 1712.
Total: 2.441700 ms (FindLiveObjects: 0.134700 ms CreateObjectMapping: 0.034100 ms MarkObjects: 1.254300 ms  DeleteObjects: 1.017300 ms)

========================================================================
Received Import Request.
  Time since last request: 33.922389 seconds.
  path: Assets/Scenes/SampleScene.unity
  artifactKey: Guid(9fc0d4010bbf28b4594072e72b8655ab) Importer(815301076,1909f56bfc062723c751e8b465ee728b)
Start importing Assets/Scenes/SampleScene.unity using Guid(9fc0d4010bbf28b4594072e72b8655ab) Importer(815301076,1909f56bfc062723c751e8b465ee728b)  -> (artifact id: '75076e30b8b84ebf5e20060e44b32f1e') in 0.014393 seconds
  Import took 0.016213 seconds .

========================================================================
Received Import Request.
  Time since last request: 28.671916 seconds.
  path: Assets/Pathfinding/Prefabs/pfPathfindingDebugStepVisualNode.prefab
  artifactKey: Guid(137cc74e80adc6648a54b841982d1a8e) Importer(815301076,1909f56bfc062723c751e8b465ee728b)
Start importing Assets/Pathfinding/Prefabs/pfPathfindingDebugStepVisualNode.prefab using Guid(137cc74e80adc6648a54b841982d1a8e) Importer(815301076,1909f56bfc062723c751e8b465ee728b)  -> (artifact id: '6393082cf98a37b95ca48e72413627b4') in 0.094798 seconds
  Import took 0.096858 seconds .

========================================================================
Received Prepare
Registering precompiled user dll's ...
Registered in 0.000608 seconds.
Begin MonoManager ReloadAssembly
Native extension for WindowsStandalone target not found
Refreshing native plugins compatible for Editor in 0.45 ms, found 0 plugins.
Preloading 0 native plugins for Editor in 0.00 ms.
Invoked RoslynAnalysisRunner static constructor.
RoslynAnalysisRunner will not be running.
RoslynAnalysisRunner has terminated.
Mono: successfully reloaded assembly
- Completed reload, in  0.674 seconds
Platform modules already initialized, skipping
Refreshing native plugins compatible for Editor in 0.33 ms, found 0 plugins.
Preloading 0 native plugins for Editor in 0.00 ms.
Unloading 1233 Unused Serialized files (Serialized files now loaded: 0)
System memory in use before: 70.0 MB.
System memory in use after: 67.7 MB.

Unloading 37 unused Assets to reduce memory usage. Loaded Objects now: 1716.
Total: 2.575300 ms (FindLiveObjects: 0.146000 ms CreateObjectMapping: 0.038600 ms MarkObjects: 1.324400 ms  DeleteObjects: 1.065300 ms)

========================================================================
Received Prepare
Registering precompiled user dll's ...
Registered in 0.001149 seconds.
Begin MonoManager ReloadAssembly
Native extension for WindowsStandalone target not found
Refreshing native plugins compatible for Editor in 0.28 ms, found 0 plugins.
Preloading 0 native plugins for Editor in 0.00 ms.
Invoked RoslynAnalysisRunner static constructor.
RoslynAnalysisRunner will not be running.
RoslynAnalysisRunner has terminated.
Mono: successfully reloaded assembly
- Completed reload, in  0.832 seconds
Platform modules already initialized, skipping
Refreshing native plugins compatible for Editor in 0.28 ms, found 0 plugins.
Preloading 0 native plugins for Editor in 0.00 ms.
Unloading 1233 Unused Serialized files (Serialized files now loaded: 0)
System memory in use before: 70.0 MB.
System memory in use after: 67.7 MB.

Unloading 37 unused Assets to reduce memory usage. Loaded Objects now: 1719.
Total: 3.151800 ms (FindLiveObjects: 0.264900 ms CreateObjectMapping: 0.098900 ms MarkObjects: 1.520200 ms  DeleteObjects: 1.265900 ms)

========================================================================
Received Import Request.
  Time since last request: 133.019070 seconds.
  path: Assets/_/Stuff/Scripts
  artifactKey: Guid(ae8b3d47255e8434d81c3b38a03ff8d1) Importer(815301076,1909f56bfc062723c751e8b465ee728b)
Start importing Assets/_/Stuff/Scripts using Guid(ae8b3d47255e8434d81c3b38a03ff8d1) Importer(815301076,1909f56bfc062723c751e8b465ee728b)  -> (artifact id: '26c29914da7e23f1ae1b66c74414430b') in 0.007132 seconds
  Import took 0.009376 seconds .

========================================================================
Received Import Request.
  Time since last request: 0.003622 seconds.
  path: Assets/_/Stuff/Scripts
  artifactKey: Guid(ae8b3d47255e8434d81c3b38a03ff8d1) Importer(815301076,1909f56bfc062723c751e8b465ee728b)
Start importing Assets/_/Stuff/Scripts using Guid(ae8b3d47255e8434d81c3b38a03ff8d1) Importer(815301076,1909f56bfc062723c751e8b465ee728b)  -> (artifact id: '26c29914da7e23f1ae1b66c74414430b') in 0.001677 seconds
  Import took 0.003410 seconds .

========================================================================
Received Import Request.
  Time since last request: 0.762331 seconds.
  path: Assets/_/Stuff/Scripts/Blood.mat
  artifactKey: Guid(a6090c6a3b8cf1c49874a1abb645b5a7) Importer(815301076,1909f56bfc062723c751e8b465ee728b)
Start importing Assets/_/Stuff/Scripts/Blood.mat using Guid(a6090c6a3b8cf1c49874a1abb645b5a7) Importer(815301076,1909f56bfc062723c751e8b465ee728b)  -> (artifact id: 'cf395072cba3ba667b03fb293ecc7538') in 0.072359 seconds
  Import took 0.074698 seconds .

========================================================================
Received Import Request.
  Time since last request: 0.000349 seconds.
  path: Assets/_/Stuff/Scripts/Dirt.psd
  artifactKey: Guid(10899e8169d5035419153105f4111cf7) Importer(815301076,1909f56bfc062723c751e8b465ee728b)
Start importing Assets/_/Stuff/Scripts/Dirt.psd using Guid(10899e8169d5035419153105f4111cf7) Importer(815301076,1909f56bfc062723c751e8b465ee728b)  -> (artifact id: '96da8563ee618d53007acc766896dc38') in 0.038688 seconds
  Import took 0.041833 seconds .

========================================================================
Received Import Request.
  Time since last request: 0.000175 seconds.
  path: Assets/_/Stuff/Scripts/Blood.psd
  artifactKey: Guid(dcc20d78cb8ec51408db6d602e0a672d) Importer(815301076,1909f56bfc062723c751e8b465ee728b)
Start importing Assets/_/Stuff/Scripts/Blood.psd using Guid(dcc20d78cb8ec51408db6d602e0a672d) Importer(815301076,1909f56bfc062723c751e8b465ee728b)  -> (artifact id: '3b57f25e8a73727b81a5ac1de038194e') in 0.011713 seconds
  Import took 0.014249 seconds .

========================================================================
Received Import Request.
  Time since last request: 0.000208 seconds.
  path: Assets/_/Stuff/Scripts/Dirt.mat
  artifactKey: Guid(c4fcccf17d6525948bff0ba8e7066428) Importer(815301076,1909f56bfc062723c751e8b465ee728b)
Start importing Assets/_/Stuff/Scripts/Dirt.mat using Guid(c4fcccf17d6525948bff0ba8e7066428) Importer(815301076,1909f56bfc062723c751e8b465ee728b)  -> (artifact id: 'baec3d66383eb18eba0f12b76c7ec417') in 0.012599 seconds
  Import took 0.015612 seconds .

========================================================================
Received Import Request.
  Time since last request: 19.810855 seconds.
  path: Assets/Pathfinding/Scripts
  artifactKey: Guid(bb7c042724e31b84c89e682bf72a080a) Importer(815301076,1909f56bfc062723c751e8b465ee728b)
Start importing Assets/Pathfinding/Scripts using Guid(bb7c042724e31b84c89e682bf72a080a) Importer(815301076,1909f56bfc062723c751e8b465ee728b)  -> (artifact id: '7889c1232e7c92cdef9112bc8f55b281') in 0.001798 seconds
  Import took 0.003745 seconds .

========================================================================
Received Import Request.
  Time since last request: 1.374487 seconds.
  path: Assets/Pathfinding/Scripts/Testing.cs
  artifactKey: Guid(513a8d6027c4e984c9ea9691414fd4cb) Importer(815301076,1909f56bfc062723c751e8b465ee728b)
Start importing Assets/Pathfinding/Scripts/Testing.cs using Guid(513a8d6027c4e984c9ea9691414fd4cb) Importer(815301076,1909f56bfc062723c751e8b465ee728b)  -> (artifact id: '293232af89ece27f56f448a572968d30') in 0.006578 seconds
  Import took 0.008526 seconds .

========================================================================
Received Prepare
Registering precompiled user dll's ...
Registered in 0.000620 seconds.
Begin MonoManager ReloadAssembly
Native extension for WindowsStandalone target not found
Refreshing native plugins compatible for Editor in 0.26 ms, found 0 plugins.
Preloading 0 native plugins for Editor in 0.00 ms.
Invoked RoslynAnalysisRunner static constructor.
RoslynAnalysisRunner will not be running.
RoslynAnalysisRunner has terminated.
Mono: successfully reloaded assembly
- Completed reload, in  0.691 seconds
Platform modules already initialized, skipping
Refreshing native plugins compatible for Editor in 0.28 ms, found 0 plugins.
Preloading 0 native plugins for Editor in 0.00 ms.
Unloading 1233 Unused Serialized files (Serialized files now loaded: 0)
System memory in use before: 70.1 MB.
System memory in use after: 67.7 MB.

Unloading 37 unused Assets to reduce memory usage. Loaded Objects now: 1728.
Total: 2.529100 ms (FindLiveObjects: 0.174000 ms CreateObjectMapping: 0.042700 ms MarkObjects: 1.242200 ms  DeleteObjects: 1.069300 ms)

========================================================================
Received Import Request.
  Time since last request: 22.348644 seconds.
  path: Assets/Pathfinding/Scripts/Grid.cs
  artifactKey: Guid(a780b12e20258da468753ae828d1662f) Importer(815301076,1909f56bfc062723c751e8b465ee728b)
Start importing Assets/Pathfinding/Scripts/Grid.cs using Guid(a780b12e20258da468753ae828d1662f) Importer(815301076,1909f56bfc062723c751e8b465ee728b)  -> (artifact id: '1e575725b1e70e6c28d2ef5914b9f72a') in 0.006672 seconds
  Import took 0.008826 seconds .

========================================================================
Received Prepare
Registering precompiled user dll's ...
Registered in 0.000810 seconds.
Begin MonoManager ReloadAssembly
Native extension for WindowsStandalone target not found
Refreshing native plugins compatible for Editor in 0.28 ms, found 0 plugins.
Preloading 0 native plugins for Editor in 0.00 ms.
Invoked RoslynAnalysisRunner static constructor.
RoslynAnalysisRunner will not be running.
RoslynAnalysisRunner has terminated.
Mono: successfully reloaded assembly
- Completed reload, in  0.631 seconds
Platform modules already initialized, skipping
Refreshing native plugins compatible for Editor in 0.26 ms, found 0 plugins.
Preloading 0 native plugins for Editor in 0.00 ms.
Unloading 1233 Unused Serialized files (Serialized files now loaded: 0)
System memory in use before: 70.0 MB.
System memory in use after: 67.8 MB.

Unloading 37 unused Assets to reduce memory usage. Loaded Objects now: 1731.
Total: 2.741600 ms (FindLiveObjects: 0.301700 ms CreateObjectMapping: 0.048900 ms MarkObjects: 1.284600 ms  DeleteObjects: 1.104900 ms)

========================================================================
Received Prepare
Registering precompiled user dll's ...
Registered in 0.001120 seconds.
Begin MonoManager ReloadAssembly
Native extension for WindowsStandalone target not found
Refreshing native plugins compatible for Editor in 0.28 ms, found 0 plugins.
Preloading 0 native plugins for Editor in 0.00 ms.
Invoked RoslynAnalysisRunner static constructor.
RoslynAnalysisRunner will not be running.
RoslynAnalysisRunner has terminated.
Mono: successfully reloaded assembly
- Completed reload, in  0.627 seconds
Platform modules already initialized, skipping
Refreshing native plugins compatible for Editor in 0.27 ms, found 0 plugins.
Preloading 0 native plugins for Editor in 0.00 ms.
Unloading 1233 Unused Serialized files (Serialized files now loaded: 0)
System memory in use before: 70.1 MB.
System memory in use after: 67.8 MB.

Unloading 37 unused Assets to reduce memory usage. Loaded Objects now: 1734.
Total: 2.352600 ms (FindLiveObjects: 0.136400 ms CreateObjectMapping: 0.032500 ms MarkObjects: 1.114500 ms  DeleteObjects: 1.068100 ms)

========================================================================
Received Prepare
Registering precompiled user dll's ...
Registered in 0.000493 seconds.
Begin MonoManager ReloadAssembly
Native extension for WindowsStandalone target not found
Refreshing native plugins compatible for Editor in 0.18 ms, found 0 plugins.
Preloading 0 native plugins for Editor in 0.00 ms.
Invoked RoslynAnalysisRunner static constructor.
RoslynAnalysisRunner will not be running.
RoslynAnalysisRunner has terminated.
Mono: successfully reloaded assembly
- Completed reload, in  0.665 seconds
Platform modules already initialized, skipping
Refreshing native plugins compatible for Editor in 0.21 ms, found 0 plugins.
Preloading 0 native plugins for Editor in 0.00 ms.
Unloading 1110 Unused Serialized files (Serialized files now loaded: 0)
System memory in use before: 62.6 MB.
System memory in use after: 62.7 MB.

Unloading 96 unused Assets to reduce memory usage. Loaded Objects now: 1646.
Total: 1.788800 ms (FindLiveObjects: 0.346300 ms CreateObjectMapping: 0.079800 ms MarkObjects: 1.282900 ms  DeleteObjects: 0.078600 ms)

========================================================================
Received Import Request.
  Time since last request: 5095.417317 seconds.
  path: Assets/scripts
  artifactKey: Guid(93903c007c2dc784aa27a70cd1d34452) Importer(815301076,1909f56bfc062723c751e8b465ee728b)
Start importing Assets/scripts using Guid(93903c007c2dc784aa27a70cd1d34452) Importer(815301076,1909f56bfc062723c751e8b465ee728b)  -> (artifact id: '1ee9d7c56276e80270df4d28ddb2c222') in 0.009912 seconds
  Import took 0.012367 seconds .

========================================================================
Received Import Request.
  Time since last request: 6.829117 seconds.
  path: Assets/Scripts
  artifactKey: Guid(93903c007c2dc784aa27a70cd1d34452) Importer(815301076,1909f56bfc062723c751e8b465ee728b)
Start importing Assets/Scripts using Guid(93903c007c2dc784aa27a70cd1d34452) Importer(815301076,1909f56bfc062723c751e8b465ee728b)  -> (artifact id: '950727735274f0bc7752c007283e45ad') in 0.003201 seconds
  Import took 0.005049 seconds .

========================================================================
Received Import Request.
  Time since last request: 17.002156 seconds.
  path: Assets/Scripts/GridSystem.cs
  artifactKey: Guid(7f2eb1c6c1ef4154684f95f196113518) Importer(815301076,1909f56bfc062723c751e8b465ee728b)
Start importing Assets/Scripts/GridSystem.cs using Guid(7f2eb1c6c1ef4154684f95f196113518) Importer(815301076,1909f56bfc062723c751e8b465ee728b)  -> (artifact id: 'aa8bc7e2dfad7963ab2afbe252c78da3') in 0.010355 seconds
  Import took 0.012493 seconds .

========================================================================
Received Prepare
Registering precompiled user dll's ...
Registered in 0.000496 seconds.
Begin MonoManager ReloadAssembly
Native extension for WindowsStandalone target not found
Refreshing native plugins compatible for Editor in 0.19 ms, found 0 plugins.
Preloading 0 native plugins for Editor in 0.00 ms.
Invoked RoslynAnalysisRunner static constructor.
RoslynAnalysisRunner will not be running.
RoslynAnalysisRunner has terminated.
Mono: successfully reloaded assembly
- Completed reload, in  0.855 seconds
Platform modules already initialized, skipping
Refreshing native plugins compatible for Editor in 0.23 ms, found 0 plugins.
Preloading 0 native plugins for Editor in 0.00 ms.
Unloading 1111 Unused Serialized files (Serialized files now loaded: 0)
System memory in use before: 62.1 MB.
System memory in use after: 62.1 MB.

Unloading 5 unused Assets to reduce memory usage. Loaded Objects now: 1650.
Total: 2.176600 ms (FindLiveObjects: 0.141200 ms CreateObjectMapping: 0.033300 ms MarkObjects: 1.891600 ms  DeleteObjects: 0.108900 ms)

========================================================================
Received Prepare
Registering precompiled user dll's ...
Registered in 0.000504 seconds.
Begin MonoManager ReloadAssembly
Native extension for WindowsStandalone target not found
Refreshing native plugins compatible for Editor in 0.20 ms, found 0 plugins.
Preloading 0 native plugins for Editor in 0.00 ms.
Invoked RoslynAnalysisRunner static constructor.
RoslynAnalysisRunner will not be running.
RoslynAnalysisRunner has terminated.
Mono: successfully reloaded assembly
- Completed reload, in  0.666 seconds
Platform modules already initialized, skipping
Refreshing native plugins compatible for Editor in 0.18 ms, found 0 plugins.
Preloading 0 native plugins for Editor in 0.00 ms.
Unloading 1112 Unused Serialized files (Serialized files now loaded: 0)
System memory in use before: 62.1 MB.
System memory in use after: 62.2 MB.

Unloading 5 unused Assets to reduce memory usage. Loaded Objects now: 1654.
Total: 1.701700 ms (FindLiveObjects: 0.360500 ms CreateObjectMapping: 0.084800 ms MarkObjects: 1.201200 ms  DeleteObjects: 0.054200 ms)

========================================================================
Received Prepare
Registering precompiled user dll's ...
Registered in 0.000513 seconds.
Begin MonoManager ReloadAssembly
Native extension for WindowsStandalone target not found
Refreshing native plugins compatible for Editor in 0.17 ms, found 0 plugins.
Preloading 0 native plugins for Editor in 0.00 ms.
Invoked RoslynAnalysisRunner static constructor.
RoslynAnalysisRunner will not be running.
RoslynAnalysisRunner has terminated.
Mono: successfully reloaded assembly
- Completed reload, in  0.615 seconds
Platform modules already initialized, skipping
Refreshing native plugins compatible for Editor in 0.19 ms, found 0 plugins.
Preloading 0 native plugins for Editor in 0.00 ms.
Unloading 1112 Unused Serialized files (Serialized files now loaded: 0)
System memory in use before: 62.1 MB.
System memory in use after: 62.2 MB.

Unloading 5 unused Assets to reduce memory usage. Loaded Objects now: 1657.
Total: 1.531000 ms (FindLiveObjects: 0.209900 ms CreateObjectMapping: 0.066600 ms MarkObjects: 1.203200 ms  DeleteObjects: 0.050300 ms)

========================================================================
Received Import Request.
  Time since last request: 2107.647921 seconds.
  path: Assets/Scripts/NewBehaviourScript.cs
  artifactKey: Guid(80f4bad0eea1fc742837596b5bbb1135) Importer(815301076,1909f56bfc062723c751e8b465ee728b)
Start importing Assets/Scripts/NewBehaviourScript.cs using Guid(80f4bad0eea1fc742837596b5bbb1135) Importer(815301076,1909f56bfc062723c751e8b465ee728b)  -> (artifact id: '367933b81d2d38012b44164d8e980043') in 0.009158 seconds
  Import took 0.011022 seconds .

========================================================================
Received Import Request.
  Time since last request: 0.000342 seconds.
  path: Assets/Scripts/NewBehaviourScript.cs
  artifactKey: Guid(80f4bad0eea1fc742837596b5bbb1135) Importer(815301076,1909f56bfc062723c751e8b465ee728b)
Start importing Assets/Scripts/NewBehaviourScript.cs using Guid(80f4bad0eea1fc742837596b5bbb1135) Importer(815301076,1909f56bfc062723c751e8b465ee728b)  -> (artifact id: '367933b81d2d38012b44164d8e980043') in 0.003438 seconds
  Import took 0.006030 seconds .

========================================================================
Received Import Request.
  Time since last request: 13.694076 seconds.
  path: Assets/Scripts/Testing.cs
  artifactKey: Guid(80f4bad0eea1fc742837596b5bbb1135) Importer(815301076,1909f56bfc062723c751e8b465ee728b)
Start importing Assets/Scripts/Testing.cs using Guid(80f4bad0eea1fc742837596b5bbb1135) Importer(815301076,1909f56bfc062723c751e8b465ee728b)  -> (artifact id: '7abb7609debda7358e0398880e01eaee') in 0.007306 seconds
  Import took 0.009019 seconds .

========================================================================
Received Prepare
Registering precompiled user dll's ...
Registered in 0.000568 seconds.
Begin MonoManager ReloadAssembly
Native extension for WindowsStandalone target not found
Refreshing native plugins compatible for Editor in 0.18 ms, found 0 plugins.
Preloading 0 native plugins for Editor in 0.00 ms.
Invoked RoslynAnalysisRunner static constructor.
RoslynAnalysisRunner will not be running.
RoslynAnalysisRunner has terminated.
Mono: successfully reloaded assembly
- Completed reload, in  0.693 seconds
Platform modules already initialized, skipping
Refreshing native plugins compatible for Editor in 0.29 ms, found 0 plugins.
Preloading 0 native plugins for Editor in 0.00 ms.
Unloading 1112 Unused Serialized files (Serialized files now loaded: 0)
System memory in use before: 62.1 MB.
System memory in use after: 62.2 MB.

Unloading 5 unused Assets to reduce memory usage. Loaded Objects now: 1660.
Total: 1.539600 ms (FindLiveObjects: 0.165100 ms CreateObjectMapping: 0.036700 ms MarkObjects: 1.287600 ms  DeleteObjects: 0.048900 ms)

========================================================================
Received Prepare
Registering precompiled user dll's ...
Registered in 0.000519 seconds.
Begin MonoManager ReloadAssembly
Native extension for WindowsStandalone target not found
Refreshing native plugins compatible for Editor in 0.19 ms, found 0 plugins.
Preloading 0 native plugins for Editor in 0.00 ms.
Invoked RoslynAnalysisRunner static constructor.
RoslynAnalysisRunner will not be running.
RoslynAnalysisRunner has terminated.
Mono: successfully reloaded assembly
- Completed reload, in  0.639 seconds
Platform modules already initialized, skipping
Refreshing native plugins compatible for Editor in 0.22 ms, found 0 plugins.
Preloading 0 native plugins for Editor in 0.00 ms.
Unloading 1112 Unused Serialized files (Serialized files now loaded: 0)
System memory in use before: 62.1 MB.
System memory in use after: 62.2 MB.

Unloading 5 unused Assets to reduce memory usage. Loaded Objects now: 1663.
Total: 1.406800 ms (FindLiveObjects: 0.131900 ms CreateObjectMapping: 0.031000 ms MarkObjects: 1.183400 ms  DeleteObjects: 0.059400 ms)

========================================================================
Received Prepare
Registering precompiled user dll's ...
Registered in 0.000583 seconds.
Begin MonoManager ReloadAssembly
Native extension for WindowsStandalone target not found
Refreshing native plugins compatible for Editor in 0.22 ms, found 0 plugins.
Preloading 0 native plugins for Editor in 0.00 ms.
Invoked RoslynAnalysisRunner static constructor.
RoslynAnalysisRunner will not be running.
RoslynAnalysisRunner has terminated.
Mono: successfully reloaded assembly
- Completed reload, in  0.722 seconds
Platform modules already initialized, skipping
Refreshing native plugins compatible for Editor in 0.29 ms, found 0 plugins.
Preloading 0 native plugins for Editor in 0.00 ms.
Unloading 1112 Unused Serialized files (Serialized files now loaded: 0)
System memory in use before: 62.1 MB.
System memory in use after: 62.2 MB.

Unloading 5 unused Assets to reduce memory usage. Loaded Objects now: 1666.
Total: 2.121500 ms (FindLiveObjects: 0.411600 ms CreateObjectMapping: 0.117100 ms MarkObjects: 1.544700 ms  DeleteObjects: 0.047100 ms)

========================================================================
Received Import Request.
  Time since last request: 304.315279 seconds.
  path: Assets/Scripts/Testing.cs
  artifactKey: Guid(80f4bad0eea1fc742837596b5bbb1135) Importer(815301076,1909f56bfc062723c751e8b465ee728b)
Start importing Assets/Scripts/Testing.cs using Guid(80f4bad0eea1fc742837596b5bbb1135) Importer(815301076,1909f56bfc062723c751e8b465ee728b)  -> (artifact id: 'fb6fa92da02c93b6b26a961839239ef2') in 0.004266 seconds
  Import took 0.006455 seconds .

========================================================================
Received Prepare
Registering precompiled user dll's ...
Registered in 0.000531 seconds.
Begin MonoManager ReloadAssembly
Native extension for WindowsStandalone target not found
Refreshing native plugins compatible for Editor in 0.30 ms, found 0 plugins.
Preloading 0 native plugins for Editor in 0.00 ms.
Invoked RoslynAnalysisRunner static constructor.
RoslynAnalysisRunner will not be running.
RoslynAnalysisRunner has terminated.
Mono: successfully reloaded assembly
- Completed reload, in  0.756 seconds
Platform modules already initialized, skipping
Refreshing native plugins compatible for Editor in 0.27 ms, found 0 plugins.
Preloading 0 native plugins for Editor in 0.00 ms.
Unloading 1112 Unused Serialized files (Serialized files now loaded: 0)
System memory in use before: 62.1 MB.
System memory in use after: 62.2 MB.

Unloading 5 unused Assets to reduce memory usage. Loaded Objects now: 1669.
Total: 1.684300 ms (FindLiveObjects: 0.130700 ms CreateObjectMapping: 0.034200 ms MarkObjects: 1.469700 ms  DeleteObjects: 0.048100 ms)

========================================================================
Received Prepare
Registering precompiled user dll's ...
Registered in 0.000533 seconds.
Begin MonoManager ReloadAssembly
Native extension for WindowsStandalone target not found
Refreshing native plugins compatible for Editor in 0.19 ms, found 0 plugins.
Preloading 0 native plugins for Editor in 0.00 ms.
Invoked RoslynAnalysisRunner static constructor.
RoslynAnalysisRunner will not be running.
RoslynAnalysisRunner has terminated.
Mono: successfully reloaded assembly
- Completed reload, in  0.700 seconds
Platform modules already initialized, skipping
Refreshing native plugins compatible for Editor in 0.19 ms, found 0 plugins.
Preloading 0 native plugins for Editor in 0.00 ms.
Unloading 1112 Unused Serialized files (Serialized files now loaded: 0)
System memory in use before: 62.1 MB.
System memory in use after: 62.2 MB.

Unloading 5 unused Assets to reduce memory usage. Loaded Objects now: 1672.
Total: 1.488900 ms (FindLiveObjects: 0.145600 ms CreateObjectMapping: 0.039600 ms MarkObjects: 1.250500 ms  DeleteObjects: 0.051500 ms)

========================================================================
Received Import Request.
  Time since last request: 35.573585 seconds.
  path: Assets/Scripts/Testing.cs
  artifactKey: Guid(80f4bad0eea1fc742837596b5bbb1135) Importer(815301076,1909f56bfc062723c751e8b465ee728b)
Start importing Assets/Scripts/Testing.cs using Guid(80f4bad0eea1fc742837596b5bbb1135) Importer(815301076,1909f56bfc062723c751e8b465ee728b)  -> (artifact id: '76b587af30216f2d008b6fd3cc25a7f1') in 0.003725 seconds
  Import took 0.005737 seconds .

========================================================================
Received Import Request.
  Time since last request: 0.065048 seconds.
  path: Assets/Scripts/Testing.cs
  artifactKey: Guid(80f4bad0eea1fc742837596b5bbb1135) Importer(815301076,1909f56bfc062723c751e8b465ee728b)
Start importing Assets/Scripts/Testing.cs using Guid(80f4bad0eea1fc742837596b5bbb1135) Importer(815301076,1909f56bfc062723c751e8b465ee728b)  -> (artifact id: '76b587af30216f2d008b6fd3cc25a7f1') in 0.002759 seconds
  Import took 0.004440 seconds .

========================================================================
Received Prepare
Registering precompiled user dll's ...
Registered in 0.000504 seconds.
Begin MonoManager ReloadAssembly
Native extension for WindowsStandalone target not found
Refreshing native plugins compatible for Editor in 0.18 ms, found 0 plugins.
Preloading 0 native plugins for Editor in 0.00 ms.
Invoked RoslynAnalysisRunner static constructor.
RoslynAnalysisRunner will not be running.
RoslynAnalysisRunner has terminated.
Mono: successfully reloaded assembly
- Completed reload, in  0.610 seconds
Platform modules already initialized, skipping
Refreshing native plugins compatible for Editor in 0.20 ms, found 0 plugins.
Preloading 0 native plugins for Editor in 0.00 ms.
Unloading 1112 Unused Serialized files (Serialized files now loaded: 0)
System memory in use before: 62.1 MB.
System memory in use after: 62.2 MB.

Unloading 5 unused Assets to reduce memory usage. Loaded Objects now: 1675.
Total: 1.454600 ms (FindLiveObjects: 0.125100 ms CreateObjectMapping: 0.030900 ms MarkObjects: 1.252700 ms  DeleteObjects: 0.044700 ms)

========================================================================
Received Import Request.
  Time since last request: 40.939513 seconds.
  path: Assets/Scenes/Main.unity
  artifactKey: Guid(cd7ebaba14846fe49b34cbf8473d166a) Importer(815301076,1909f56bfc062723c751e8b465ee728b)
Start importing Assets/Scenes/Main.unity using Guid(cd7ebaba14846fe49b34cbf8473d166a) Importer(815301076,1909f56bfc062723c751e8b465ee728b)  -> (artifact id: 'e32ee323846b81c5b352eb5c8b03e875') in 0.012202 seconds
  Import took 0.013958 seconds .

========================================================================
Received Prepare
Registering precompiled user dll's ...
Registered in 0.000484 seconds.
Begin MonoManager ReloadAssembly
Native extension for WindowsStandalone target not found
Refreshing native plugins compatible for Editor in 0.19 ms, found 0 plugins.
Preloading 0 native plugins for Editor in 0.00 ms.
Invoked RoslynAnalysisRunner static constructor.
RoslynAnalysisRunner will not be running.
RoslynAnalysisRunner has terminated.
Mono: successfully reloaded assembly
- Completed reload, in  0.623 seconds
Platform modules already initialized, skipping
Refreshing native plugins compatible for Editor in 0.20 ms, found 0 plugins.
Preloading 0 native plugins for Editor in 0.00 ms.
Unloading 1112 Unused Serialized files (Serialized files now loaded: 0)
System memory in use before: 62.2 MB.
System memory in use after: 62.2 MB.

Unloading 5 unused Assets to reduce memory usage. Loaded Objects now: 1678.
Total: 1.482200 ms (FindLiveObjects: 0.129500 ms CreateObjectMapping: 0.031800 ms MarkObjects: 1.273700 ms  DeleteObjects: 0.046200 ms)

========================================================================
Received Prepare
Registering precompiled user dll's ...
Registered in 0.000529 seconds.
Begin MonoManager ReloadAssembly
Native extension for WindowsStandalone target not found
Refreshing native plugins compatible for Editor in 0.19 ms, found 0 plugins.
Preloading 0 native plugins for Editor in 0.00 ms.
Invoked RoslynAnalysisRunner static constructor.
RoslynAnalysisRunner will not be running.
RoslynAnalysisRunner has terminated.
Mono: successfully reloaded assembly
- Completed reload, in  0.680 seconds
Platform modules already initialized, skipping
Refreshing native plugins compatible for Editor in 0.18 ms, found 0 plugins.
Preloading 0 native plugins for Editor in 0.00 ms.
Unloading 1112 Unused Serialized files (Serialized files now loaded: 0)
System memory in use before: 62.2 MB.
System memory in use after: 62.2 MB.

Unloading 5 unused Assets to reduce memory usage. Loaded Objects now: 1681.
Total: 1.667100 ms (FindLiveObjects: 0.261000 ms CreateObjectMapping: 0.060500 ms MarkObjects: 1.295800 ms  DeleteObjects: 0.048600 ms)

========================================================================
Received Prepare
Registering precompiled user dll's ...
Registered in 0.000550 seconds.
Begin MonoManager ReloadAssembly
Native extension for WindowsStandalone target not found
Refreshing native plugins compatible for Editor in 0.18 ms, found 0 plugins.
Preloading 0 native plugins for Editor in 0.00 ms.
Invoked RoslynAnalysisRunner static constructor.
RoslynAnalysisRunner will not be running.
RoslynAnalysisRunner has terminated.
Mono: successfully reloaded assembly
- Completed reload, in  0.680 seconds
Platform modules already initialized, skipping
Refreshing native plugins compatible for Editor in 0.18 ms, found 0 plugins.
Preloading 0 native plugins for Editor in 0.00 ms.
Unloading 1112 Unused Serialized files (Serialized files now loaded: 0)
System memory in use before: 62.2 MB.
System memory in use after: 62.2 MB.

Unloading 5 unused Assets to reduce memory usage. Loaded Objects now: 1684.
Total: 1.473000 ms (FindLiveObjects: 0.137600 ms CreateObjectMapping: 0.034300 ms MarkObjects: 1.252700 ms  DeleteObjects: 0.047400 ms)

========================================================================
Received Prepare
Registering precompiled user dll's ...
Registered in 0.000595 seconds.
Begin MonoManager ReloadAssembly
Native extension for WindowsStandalone target not found
Refreshing native plugins compatible for Editor in 0.23 ms, found 0 plugins.
Preloading 0 native plugins for Editor in 0.00 ms.
Invoked RoslynAnalysisRunner static constructor.
RoslynAnalysisRunner will not be running.
RoslynAnalysisRunner has terminated.
Mono: successfully reloaded assembly
- Completed reload, in  0.631 seconds
Platform modules already initialized, skipping
Refreshing native plugins compatible for Editor in 0.17 ms, found 0 plugins.
Preloading 0 native plugins for Editor in 0.00 ms.
Unloading 1112 Unused Serialized files (Serialized files now loaded: 0)
System memory in use before: 62.2 MB.
System memory in use after: 62.2 MB.

Unloading 5 unused Assets to reduce memory usage. Loaded Objects now: 1687.
Total: 1.629900 ms (FindLiveObjects: 0.162800 ms CreateObjectMapping: 0.045300 ms MarkObjects: 1.370900 ms  DeleteObjects: 0.049800 ms)

========================================================================
Received Prepare
Registering precompiled user dll's ...
Registered in 0.000502 seconds.
Begin MonoManager ReloadAssembly
Native extension for WindowsStandalone target not found
Refreshing native plugins compatible for Editor in 0.18 ms, found 0 plugins.
Preloading 0 native plugins for Editor in 0.00 ms.
Invoked RoslynAnalysisRunner static constructor.
RoslynAnalysisRunner will not be running.
RoslynAnalysisRunner has terminated.
Mono: successfully reloaded assembly
- Completed reload, in  0.623 seconds
Platform modules already initialized, skipping
Refreshing native plugins compatible for Editor in 0.18 ms, found 0 plugins.
Preloading 0 native plugins for Editor in 0.00 ms.
Unloading 1112 Unused Serialized files (Serialized files now loaded: 0)
System memory in use before: 62.2 MB.
System memory in use after: 62.2 MB.

Unloading 5 unused Assets to reduce memory usage. Loaded Objects now: 1690.
Total: 1.454700 ms (FindLiveObjects: 0.128100 ms CreateObjectMapping: 0.031900 ms MarkObjects: 1.247900 ms  DeleteObjects: 0.045900 ms)

========================================================================
Received Import Request.
  Time since last request: 509.683004 seconds.
  path: Assets/Scripts/Utils
  artifactKey: Guid(cc2e9ca57d589124093923f557446bec) Importer(815301076,1909f56bfc062723c751e8b465ee728b)
Start importing Assets/Scripts/Utils using Guid(cc2e9ca57d589124093923f557446bec) Importer(815301076,1909f56bfc062723c751e8b465ee728b)  -> (artifact id: 'e65f5b655edfa923d24ed0d10eaa154a') in 0.008572 seconds
  Import took 0.010750 seconds .

========================================================================
Received Import Request.
  Time since last request: 120.777865 seconds.
  path: Assets/Scripts/Utils/World_Sprite.cs
  artifactKey: Guid(1460472c3006fb44daea959dda2c4d81) Importer(815301076,1909f56bfc062723c751e8b465ee728b)
Start importing Assets/Scripts/Utils/World_Sprite.cs using Guid(1460472c3006fb44daea959dda2c4d81) Importer(815301076,1909f56bfc062723c751e8b465ee728b)  -> (artifact id: 'f6a4af1f5aa7c67082e3f79b69c6b266') in 0.006942 seconds
  Import took 0.008976 seconds .

========================================================================
Received Import Request.
  Time since last request: 0.019527 seconds.
  path: Assets/Scripts/Utils/World_Sprite.cs
  artifactKey: Guid(1460472c3006fb44daea959dda2c4d81) Importer(815301076,1909f56bfc062723c751e8b465ee728b)
Start importing Assets/Scripts/Utils/World_Sprite.cs using Guid(1460472c3006fb44daea959dda2c4d81) Importer(815301076,1909f56bfc062723c751e8b465ee728b)  -> (artifact id: 'f6a4af1f5aa7c67082e3f79b69c6b266') in 0.002036 seconds
  Import took 0.004567 seconds .

========================================================================
Received Prepare
Registering precompiled user dll's ...
Registered in 0.000521 seconds.
Begin MonoManager ReloadAssembly
Native extension for WindowsStandalone target not found
Refreshing native plugins compatible for Editor in 0.19 ms, found 0 plugins.
Preloading 0 native plugins for Editor in 0.00 ms.
Invoked RoslynAnalysisRunner static constructor.
RoslynAnalysisRunner will not be running.
RoslynAnalysisRunner has terminated.
Mono: successfully reloaded assembly
- Completed reload, in  0.681 seconds
Platform modules already initialized, skipping
Refreshing native plugins compatible for Editor in 0.20 ms, found 0 plugins.
Preloading 0 native plugins for Editor in 0.00 ms.
Unloading 1126 Unused Serialized files (Serialized files now loaded: 0)
System memory in use before: 62.6 MB.
System memory in use after: 62.6 MB.

Unloading 5 unused Assets to reduce memory usage. Loaded Objects now: 1707.
Total: 1.591400 ms (FindLiveObjects: 0.156600 ms CreateObjectMapping: 0.038500 ms MarkObjects: 1.313000 ms  DeleteObjects: 0.082100 ms)

========================================================================
Received Import Request.
  Time since last request: 44.298362 seconds.
  path: Assets/_/Stuff
  artifactKey: Guid(5a1f5de3e19072249a9182176764c31e) Importer(815301076,1909f56bfc062723c751e8b465ee728b)
Start importing Assets/_/Stuff using Guid(5a1f5de3e19072249a9182176764c31e) Importer(815301076,1909f56bfc062723c751e8b465ee728b)  -> (artifact id: '8725b600b28761d1609e67db18732801') in 0.008949 seconds
  Import took 0.011111 seconds .

========================================================================
Received Import Request.
  Time since last request: 0.670301 seconds.
  path: Assets/_/Stuff/CodeMonkey
  artifactKey: Guid(16b451a71f8c5644886a3d83a5a80de7) Importer(815301076,1909f56bfc062723c751e8b465ee728b)
Start importing Assets/_/Stuff/CodeMonkey using Guid(16b451a71f8c5644886a3d83a5a80de7) Importer(815301076,1909f56bfc062723c751e8b465ee728b)  -> (artifact id: '60ec957993f2eae84aff14ed4f629574') in 0.008996 seconds
  Import took 0.011006 seconds .

========================================================================
Received Prepare
Registering precompiled user dll's ...
Registered in 0.000495 seconds.
Begin MonoManager ReloadAssembly
Native extension for WindowsStandalone target not found
Refreshing native plugins compatible for Editor in 0.18 ms, found 0 plugins.
Preloading 0 native plugins for Editor in 0.00 ms.
Invoked RoslynAnalysisRunner static constructor.
RoslynAnalysisRunner will not be running.
RoslynAnalysisRunner has terminated.
Mono: successfully reloaded assembly
- Completed reload, in  0.686 seconds
Platform modules already initialized, skipping
Refreshing native plugins compatible for Editor in 0.19 ms, found 0 plugins.
Preloading 0 native plugins for Editor in 0.00 ms.
Unloading 1126 Unused Serialized files (Serialized files now loaded: 0)
System memory in use before: 62.6 MB.
System memory in use after: 62.6 MB.

Unloading 5 unused Assets to reduce memory usage. Loaded Objects now: 1710.
Total: 1.607000 ms (FindLiveObjects: 0.203400 ms CreateObjectMapping: 0.057600 ms MarkObjects: 1.294000 ms  DeleteObjects: 0.051100 ms)

========================================================================
Received Prepare
Registering precompiled user dll's ...
Registered in 0.000543 seconds.
Begin MonoManager ReloadAssembly
Native extension for WindowsStandalone target not found
Refreshing native plugins compatible for Editor in 0.19 ms, found 0 plugins.
Preloading 0 native plugins for Editor in 0.00 ms.
Invoked RoslynAnalysisRunner static constructor.
RoslynAnalysisRunner will not be running.
RoslynAnalysisRunner has terminated.
Mono: successfully reloaded assembly
- Completed reload, in  0.694 seconds
Platform modules already initialized, skipping
Refreshing native plugins compatible for Editor in 0.18 ms, found 0 plugins.
Preloading 0 native plugins for Editor in 0.00 ms.
Unloading 1126 Unused Serialized files (Serialized files now loaded: 0)
System memory in use before: 62.6 MB.
System memory in use after: 62.6 MB.

Unloading 5 unused Assets to reduce memory usage. Loaded Objects now: 1713.
Total: 1.507500 ms (FindLiveObjects: 0.146100 ms CreateObjectMapping: 0.037900 ms MarkObjects: 1.277700 ms  DeleteObjects: 0.044800 ms)

========================================================================
Received Prepare
Registering precompiled user dll's ...
Registered in 0.000833 seconds.
Begin MonoManager ReloadAssembly
Native extension for WindowsStandalone target not found
Refreshing native plugins compatible for Editor in 0.19 ms, found 0 plugins.
Preloading 0 native plugins for Editor in 0.00 ms.
Invoked RoslynAnalysisRunner static constructor.
RoslynAnalysisRunner will not be running.
RoslynAnalysisRunner has terminated.
Mono: successfully reloaded assembly
- Completed reload, in  0.662 seconds
Platform modules already initialized, skipping
Refreshing native plugins compatible for Editor in 0.20 ms, found 0 plugins.
Preloading 0 native plugins for Editor in 0.00 ms.
Unloading 1126 Unused Serialized files (Serialized files now loaded: 0)
System memory in use before: 62.6 MB.
System memory in use after: 62.6 MB.

Unloading 5 unused Assets to reduce memory usage. Loaded Objects now: 1716.
Total: 1.435800 ms (FindLiveObjects: 0.181000 ms CreateObjectMapping: 0.035800 ms MarkObjects: 1.166000 ms  DeleteObjects: 0.051700 ms)

========================================================================
Received Prepare
Registering precompiled user dll's ...
Registered in 0.000644 seconds.
Begin MonoManager ReloadAssembly
Native extension for WindowsStandalone target not found
Refreshing native plugins compatible for Editor in 0.18 ms, found 0 plugins.
Preloading 0 native plugins for Editor in 0.00 ms.
Invoked RoslynAnalysisRunner static constructor.
RoslynAnalysisRunner will not be running.
RoslynAnalysisRunner has terminated.
Mono: successfully reloaded assembly
- Completed reload, in  0.615 seconds
Platform modules already initialized, skipping
Refreshing native plugins compatible for Editor in 0.18 ms, found 0 plugins.
Preloading 0 native plugins for Editor in 0.00 ms.
Unloading 1126 Unused Serialized files (Serialized files now loaded: 0)
System memory in use before: 62.6 MB.
System memory in use after: 62.7 MB.

Unloading 5 unused Assets to reduce memory usage. Loaded Objects now: 1719.
Total: 1.431800 ms (FindLiveObjects: 0.135300 ms CreateObjectMapping: 0.037400 ms MarkObjects: 1.215100 ms  DeleteObjects: 0.042900 ms)

========================================================================
Received Prepare
Registering precompiled user dll's ...
Registered in 0.000726 seconds.
Begin MonoManager ReloadAssembly
Native extension for WindowsStandalone target not found
Refreshing native plugins compatible for Editor in 0.30 ms, found 0 plugins.
Preloading 0 native plugins for Editor in 0.00 ms.
Invoked RoslynAnalysisRunner static constructor.
RoslynAnalysisRunner will not be running.
RoslynAnalysisRunner has terminated.
Mono: successfully reloaded assembly
- Completed reload, in  0.818 seconds
Platform modules already initialized, skipping
Refreshing native plugins compatible for Editor in 0.30 ms, found 0 plugins.
Preloading 0 native plugins for Editor in 0.00 ms.
Unloading 1126 Unused Serialized files (Serialized files now loaded: 0)
System memory in use before: 62.6 MB.
System memory in use after: 62.7 MB.

Unloading 5 unused Assets to reduce memory usage. Loaded Objects now: 1722.
Total: 2.285700 ms (FindLiveObjects: 0.332100 ms CreateObjectMapping: 0.207100 ms MarkObjects: 1.650200 ms  DeleteObjects: 0.093700 ms)

========================================================================
Received Prepare
Registering precompiled user dll's ...
Registered in 0.000519 seconds.
Begin MonoManager ReloadAssembly
Native extension for WindowsStandalone target not found
Refreshing native plugins compatible for Editor in 0.18 ms, found 0 plugins.
Preloading 0 native plugins for Editor in 0.00 ms.
Invoked RoslynAnalysisRunner static constructor.
RoslynAnalysisRunner will not be running.
RoslynAnalysisRunner has terminated.
Mono: successfully reloaded assembly
- Completed reload, in  0.609 seconds
Platform modules already initialized, skipping
Refreshing native plugins compatible for Editor in 0.18 ms, found 0 plugins.
Preloading 0 native plugins for Editor in 0.00 ms.
Unloading 1126 Unused Serialized files (Serialized files now loaded: 0)
System memory in use before: 62.6 MB.
System memory in use after: 62.7 MB.

Unloading 5 unused Assets to reduce memory usage. Loaded Objects now: 1725.
Total: 1.489300 ms (FindLiveObjects: 0.143300 ms CreateObjectMapping: 0.039000 ms MarkObjects: 1.259100 ms  DeleteObjects: 0.047000 ms)

========================================================================
Received Prepare
Registering precompiled user dll's ...
Registered in 0.000530 seconds.
Begin MonoManager ReloadAssembly
Native extension for WindowsStandalone target not found
Refreshing native plugins compatible for Editor in 0.19 ms, found 0 plugins.
Preloading 0 native plugins for Editor in 0.00 ms.
Invoked RoslynAnalysisRunner static constructor.
RoslynAnalysisRunner will not be running.
RoslynAnalysisRunner has terminated.
Mono: successfully reloaded assembly
- Completed reload, in  0.614 seconds
Platform modules already initialized, skipping
Refreshing native plugins compatible for Editor in 0.17 ms, found 0 plugins.
Preloading 0 native plugins for Editor in 0.00 ms.
Unloading 1126 Unused Serialized files (Serialized files now loaded: 0)
System memory in use before: 62.6 MB.
System memory in use after: 62.7 MB.

Unloading 5 unused Assets to reduce memory usage. Loaded Objects now: 1728.
Total: 1.541800 ms (FindLiveObjects: 0.154000 ms CreateObjectMapping: 0.036400 ms MarkObjects: 1.299600 ms  DeleteObjects: 0.050700 ms)

========================================================================
Received Prepare
Registering precompiled user dll's ...
Registered in 0.000535 seconds.
Begin MonoManager ReloadAssembly
Native extension for WindowsStandalone target not found
Refreshing native plugins compatible for Editor in 0.18 ms, found 0 plugins.
Preloading 0 native plugins for Editor in 0.00 ms.
Invoked RoslynAnalysisRunner static constructor.
RoslynAnalysisRunner will not be running.
RoslynAnalysisRunner has terminated.
Mono: successfully reloaded assembly
- Completed reload, in  0.635 seconds
Platform modules already initialized, skipping
Refreshing native plugins compatible for Editor in 0.19 ms, found 0 plugins.
Preloading 0 native plugins for Editor in 0.00 ms.
Unloading 1126 Unused Serialized files (Serialized files now loaded: 0)
System memory in use before: 62.6 MB.
System memory in use after: 62.7 MB.

Unloading 5 unused Assets to reduce memory usage. Loaded Objects now: 1731.
Total: 1.695800 ms (FindLiveObjects: 0.191900 ms CreateObjectMapping: 0.049900 ms MarkObjects: 1.402600 ms  DeleteObjects: 0.050100 ms)

========================================================================
Received Import Request.
  Time since last request: 973.936095 seconds.
  path: Assets/Scripts/GridSystem.cs
  artifactKey: Guid(7f2eb1c6c1ef4154684f95f196113518) Importer(815301076,1909f56bfc062723c751e8b465ee728b)
Start importing Assets/Scripts/GridSystem.cs using Guid(7f2eb1c6c1ef4154684f95f196113518) Importer(815301076,1909f56bfc062723c751e8b465ee728b)  -> (artifact id: '22168185bf9cc08b3de51dcfde49021e') in 0.003769 seconds
  Import took 0.005909 seconds .

========================================================================
Received Import Request.
  Time since last request: 0.022595 seconds.
  path: Assets/Scripts/GridSystem.cs
  artifactKey: Guid(7f2eb1c6c1ef4154684f95f196113518) Importer(815301076,1909f56bfc062723c751e8b465ee728b)
Start importing Assets/Scripts/GridSystem.cs using Guid(7f2eb1c6c1ef4154684f95f196113518) Importer(815301076,1909f56bfc062723c751e8b465ee728b)  -> (artifact id: '22168185bf9cc08b3de51dcfde49021e') in 0.002567 seconds
  Import took 0.004656 seconds .

========================================================================
Received Import Request.
  Time since last request: 4.569306 seconds.
  path: Assets/Scripts/Grid.cs
  artifactKey: Guid(7f2eb1c6c1ef4154684f95f196113518) Importer(815301076,1909f56bfc062723c751e8b465ee728b)
Start importing Assets/Scripts/Grid.cs using Guid(7f2eb1c6c1ef4154684f95f196113518) Importer(815301076,1909f56bfc062723c751e8b465ee728b)  -> (artifact id: '1cff139ce7748a38d296c20ca55a4596') in 0.002439 seconds
  Import took 0.004425 seconds .

========================================================================
Received Prepare
Registering precompiled user dll's ...
Registered in 0.000507 seconds.
Begin MonoManager ReloadAssembly
Native extension for WindowsStandalone target not found
Refreshing native plugins compatible for Editor in 0.19 ms, found 0 plugins.
Preloading 0 native plugins for Editor in 0.00 ms.
Invoked RoslynAnalysisRunner static constructor.
RoslynAnalysisRunner will not be running.
RoslynAnalysisRunner has terminated.
Mono: successfully reloaded assembly
- Completed reload, in  0.674 seconds
Platform modules already initialized, skipping
Refreshing native plugins compatible for Editor in 0.18 ms, found 0 plugins.
Preloading 0 native plugins for Editor in 0.00 ms.
Unloading 1126 Unused Serialized files (Serialized files now loaded: 0)
System memory in use before: 62.6 MB.
System memory in use after: 62.7 MB.

Unloading 5 unused Assets to reduce memory usage. Loaded Objects now: 1734.
Total: 1.505700 ms (FindLiveObjects: 0.139200 ms CreateObjectMapping: 0.032000 ms MarkObjects: 1.285900 ms  DeleteObjects: 0.047400 ms)

========================================================================
Received Import Request.
  Time since last request: 49.093834 seconds.
  path: Assets/Scripts/Testing.cs
  artifactKey: Guid(80f4bad0eea1fc742837596b5bbb1135) Importer(815301076,1909f56bfc062723c751e8b465ee728b)
Start importing Assets/Scripts/Testing.cs using Guid(80f4bad0eea1fc742837596b5bbb1135) Importer(815301076,1909f56bfc062723c751e8b465ee728b)  -> (artifact id: '1d25fbc1a81bc1229f3242dd6e7f5156') in 0.004146 seconds
  Import took 0.006170 seconds .

========================================================================
Received Prepare
Registering precompiled user dll's ...
Registered in 0.000536 seconds.
Begin MonoManager ReloadAssembly
Native extension for WindowsStandalone target not found
Refreshing native plugins compatible for Editor in 0.19 ms, found 0 plugins.
Preloading 0 native plugins for Editor in 0.00 ms.
Invoked RoslynAnalysisRunner static constructor.
RoslynAnalysisRunner will not be running.
RoslynAnalysisRunner has terminated.
Mono: successfully reloaded assembly
- Completed reload, in  0.613 seconds
Platform modules already initialized, skipping
Refreshing native plugins compatible for Editor in 0.18 ms, found 0 plugins.
Preloading 0 native plugins for Editor in 0.00 ms.
Unloading 1126 Unused Serialized files (Serialized files now loaded: 0)
System memory in use before: 62.6 MB.
System memory in use after: 62.7 MB.

Unloading 5 unused Assets to reduce memory usage. Loaded Objects now: 1737.
Total: 1.742400 ms (FindLiveObjects: 0.260900 ms CreateObjectMapping: 0.064100 ms MarkObjects: 1.364500 ms  DeleteObjects: 0.051900 ms)

========================================================================
Received Prepare
Registering precompiled user dll's ...
Registered in 0.000501 seconds.
Begin MonoManager ReloadAssembly
Native extension for WindowsStandalone target not found
Refreshing native plugins compatible for Editor in 0.18 ms, found 0 plugins.
Preloading 0 native plugins for Editor in 0.00 ms.
Invoked RoslynAnalysisRunner static constructor.
RoslynAnalysisRunner will not be running.
RoslynAnalysisRunner has terminated.
Mono: successfully reloaded assembly
- Completed reload, in  0.611 seconds
Platform modules already initialized, skipping
Refreshing native plugins compatible for Editor in 0.19 ms, found 0 plugins.
Preloading 0 native plugins for Editor in 0.00 ms.
Unloading 1126 Unused Serialized files (Serialized files now loaded: 0)
System memory in use before: 62.6 MB.
System memory in use after: 62.7 MB.

Unloading 5 unused Assets to reduce memory usage. Loaded Objects now: 1740.
Total: 1.445000 ms (FindLiveObjects: 0.135600 ms CreateObjectMapping: 0.033500 ms MarkObjects: 1.226400 ms  DeleteObjects: 0.048400 ms)

========================================================================
Received Prepare
Registering precompiled user dll's ...
Registered in 0.000502 seconds.
Begin MonoManager ReloadAssembly
Native extension for WindowsStandalone target not found
Refreshing native plugins compatible for Editor in 0.20 ms, found 0 plugins.
Preloading 0 native plugins for Editor in 0.00 ms.
Invoked RoslynAnalysisRunner static constructor.
RoslynAnalysisRunner will not be running.
RoslynAnalysisRunner has terminated.
Mono: successfully reloaded assembly
- Completed reload, in  0.627 seconds
Platform modules already initialized, skipping
Refreshing native plugins compatible for Editor in 0.19 ms, found 0 plugins.
Preloading 0 native plugins for Editor in 0.00 ms.
Unloading 1126 Unused Serialized files (Serialized files now loaded: 0)
System memory in use before: 62.6 MB.
System memory in use after: 62.7 MB.

Unloading 5 unused Assets to reduce memory usage. Loaded Objects now: 1743.
Total: 1.802000 ms (FindLiveObjects: 0.216100 ms CreateObjectMapping: 0.042800 ms MarkObjects: 1.493300 ms  DeleteObjects: 0.048600 ms)

========================================================================
Received Prepare
Registering precompiled user dll's ...
Registered in 0.000535 seconds.
Begin MonoManager ReloadAssembly
Native extension for WindowsStandalone target not found
Refreshing native plugins compatible for Editor in 0.24 ms, found 0 plugins.
Preloading 0 native plugins for Editor in 0.00 ms.
Invoked RoslynAnalysisRunner static constructor.
RoslynAnalysisRunner will not be running.
RoslynAnalysisRunner has terminated.
Mono: successfully reloaded assembly
- Completed reload, in  0.638 seconds
Platform modules already initialized, skipping
Refreshing native plugins compatible for Editor in 0.20 ms, found 0 plugins.
Preloading 0 native plugins for Editor in 0.00 ms.
Unloading 1126 Unused Serialized files (Serialized files now loaded: 0)
System memory in use before: 62.6 MB.
System memory in use after: 62.7 MB.

Unloading 5 unused Assets to reduce memory usage. Loaded Objects now: 1746.
Total: 1.662600 ms (FindLiveObjects: 0.208500 ms CreateObjectMapping: 0.061500 ms MarkObjects: 1.340600 ms  DeleteObjects: 0.050900 ms)

========================================================================
Received Prepare
Registering precompiled user dll's ...
Registered in 0.000523 seconds.
Begin MonoManager ReloadAssembly
Native extension for WindowsStandalone target not found
Refreshing native plugins compatible for Editor in 0.19 ms, found 0 plugins.
Preloading 0 native plugins for Editor in 0.00 ms.
Invoked RoslynAnalysisRunner static constructor.
RoslynAnalysisRunner will not be running.
RoslynAnalysisRunner has terminated.
Mono: successfully reloaded assembly
- Completed reload, in  0.617 seconds
Platform modules already initialized, skipping
Refreshing native plugins compatible for Editor in 0.18 ms, found 0 plugins.
Preloading 0 native plugins for Editor in 0.00 ms.
Unloading 1126 Unused Serialized files (Serialized files now loaded: 0)
System memory in use before: 62.6 MB.
System memory in use after: 62.7 MB.

Unloading 5 unused Assets to reduce memory usage. Loaded Objects now: 1749.
Total: 1.460100 ms (FindLiveObjects: 0.149900 ms CreateObjectMapping: 0.040300 ms MarkObjects: 1.224300 ms  DeleteObjects: 0.044500 ms)

========================================================================
Received Prepare
Registering precompiled user dll's ...
Registered in 0.000577 seconds.
Begin MonoManager ReloadAssembly
Native extension for WindowsStandalone target not found
Refreshing native plugins compatible for Editor in 0.18 ms, found 0 plugins.
Preloading 0 native plugins for Editor in 0.00 ms.
Invoked RoslynAnalysisRunner static constructor.
RoslynAnalysisRunner will not be running.
RoslynAnalysisRunner has terminated.
Mono: successfully reloaded assembly
- Completed reload, in  0.808 seconds
Platform modules already initialized, skipping
Refreshing native plugins compatible for Editor in 0.18 ms, found 0 plugins.
Preloading 0 native plugins for Editor in 0.00 ms.
Unloading 1126 Unused Serialized files (Serialized files now loaded: 0)
System memory in use before: 62.6 MB.
System memory in use after: 62.7 MB.

Unloading 5 unused Assets to reduce memory usage. Loaded Objects now: 1752.
Total: 1.649300 ms (FindLiveObjects: 0.149400 ms CreateObjectMapping: 0.060300 ms MarkObjects: 1.390600 ms  DeleteObjects: 0.047800 ms)

========================================================================
Received Prepare
Registering precompiled user dll's ...
Registered in 0.000523 seconds.
Begin MonoManager ReloadAssembly
Native extension for WindowsStandalone target not found
Refreshing native plugins compatible for Editor in 0.19 ms, found 0 plugins.
Preloading 0 native plugins for Editor in 0.00 ms.
Invoked RoslynAnalysisRunner static constructor.
RoslynAnalysisRunner will not be running.
RoslynAnalysisRunner has terminated.
Mono: successfully reloaded assembly
- Completed reload, in  0.644 seconds
Platform modules already initialized, skipping
Refreshing native plugins compatible for Editor in 0.18 ms, found 0 plugins.
Preloading 0 native plugins for Editor in 0.00 ms.
Unloading 1126 Unused Serialized files (Serialized files now loaded: 0)
System memory in use before: 62.6 MB.
System memory in use after: 62.7 MB.

Unloading 5 unused Assets to reduce memory usage. Loaded Objects now: 1755.
Total: 1.809700 ms (FindLiveObjects: 0.222400 ms CreateObjectMapping: 0.062800 ms MarkObjects: 1.453300 ms  DeleteObjects: 0.069900 ms)

========================================================================
Received Import Request.
  Time since last request: 264.101838 seconds.
  path: Assets/Scripts/Testing.cs
  artifactKey: Guid(80f4bad0eea1fc742837596b5bbb1135) Importer(815301076,1909f56bfc062723c751e8b465ee728b)
Start importing Assets/Scripts/Testing.cs using Guid(80f4bad0eea1fc742837596b5bbb1135) Importer(815301076,1909f56bfc062723c751e8b465ee728b)  -> (artifact id: 'fd3155aeeb5b37d7a2c52449dde355ff') in 0.004163 seconds
  Import took 0.005872 seconds .

========================================================================
Received Prepare
Registering precompiled user dll's ...
Registered in 0.000516 seconds.
Begin MonoManager ReloadAssembly
Native extension for WindowsStandalone target not found
Refreshing native plugins compatible for Editor in 0.18 ms, found 0 plugins.
Preloading 0 native plugins for Editor in 0.00 ms.
Invoked RoslynAnalysisRunner static constructor.
RoslynAnalysisRunner will not be running.
RoslynAnalysisRunner has terminated.
Mono: successfully reloaded assembly
- Completed reload, in  0.654 seconds
Platform modules already initialized, skipping
Refreshing native plugins compatible for Editor in 0.18 ms, found 0 plugins.
Preloading 0 native plugins for Editor in 0.00 ms.
Unloading 1126 Unused Serialized files (Serialized files now loaded: 0)
System memory in use before: 62.7 MB.
System memory in use after: 62.7 MB.

Unloading 5 unused Assets to reduce memory usage. Loaded Objects now: 1758.
Total: 1.495600 ms (FindLiveObjects: 0.168300 ms CreateObjectMapping: 0.043400 ms MarkObjects: 1.236400 ms  DeleteObjects: 0.046100 ms)

========================================================================
Received Import Request.
  Time since last request: 10.714604 seconds.
  path: Assets/Scripts/Testing.cs
  artifactKey: Guid(80f4bad0eea1fc742837596b5bbb1135) Importer(815301076,1909f56bfc062723c751e8b465ee728b)
Start importing Assets/Scripts/Testing.cs using Guid(80f4bad0eea1fc742837596b5bbb1135) Importer(815301076,1909f56bfc062723c751e8b465ee728b)  -> (artifact id: 'ed92c24e81c9a3b09be299666dce75a6') in 0.003595 seconds
  Import took 0.005751 seconds .

========================================================================
Received Import Request.
  Time since last request: 1.322108 seconds.
  path: Assets/Scripts/Testing.cs
  artifactKey: Guid(80f4bad0eea1fc742837596b5bbb1135) Importer(815301076,1909f56bfc062723c751e8b465ee728b)
Start importing Assets/Scripts/Testing.cs using Guid(80f4bad0eea1fc742837596b5bbb1135) Importer(815301076,1909f56bfc062723c751e8b465ee728b)  -> (artifact id: 'ed92c24e81c9a3b09be299666dce75a6') in 0.002461 seconds
  Import took 0.004613 seconds .

========================================================================
Received Prepare
Registering precompiled user dll's ...
Registered in 0.000504 seconds.
Begin MonoManager ReloadAssembly
Native extension for WindowsStandalone target not found
Refreshing native plugins compatible for Editor in 0.19 ms, found 0 plugins.
Preloading 0 native plugins for Editor in 0.00 ms.
Invoked RoslynAnalysisRunner static constructor.
RoslynAnalysisRunner will not be running.
RoslynAnalysisRunner has terminated.
Mono: successfully reloaded assembly
- Completed reload, in  0.650 seconds
Platform modules already initialized, skipping
Refreshing native plugins compatible for Editor in 0.19 ms, found 0 plugins.
Preloading 0 native plugins for Editor in 0.00 ms.
Unloading 1126 Unused Serialized files (Serialized files now loaded: 0)
System memory in use before: 62.7 MB.
System memory in use after: 62.7 MB.

Unloading 5 unused Assets to reduce memory usage. Loaded Objects now: 1761.
Total: 1.928000 ms (FindLiveObjects: 0.369500 ms CreateObjectMapping: 0.049900 ms MarkObjects: 1.458000 ms  DeleteObjects: 0.049400 ms)

========================================================================
Received Prepare
Registering precompiled user dll's ...
Registered in 0.000503 seconds.
Begin MonoManager ReloadAssembly
Native extension for WindowsStandalone target not found
Refreshing native plugins compatible for Editor in 0.24 ms, found 0 plugins.
Preloading 0 native plugins for Editor in 0.00 ms.
Invoked RoslynAnalysisRunner static constructor.
RoslynAnalysisRunner will not be running.
RoslynAnalysisRunner has terminated.
Mono: successfully reloaded assembly
- Completed reload, in  0.721 seconds
Platform modules already initialized, skipping
Refreshing native plugins compatible for Editor in 0.20 ms, found 0 plugins.
Preloading 0 native plugins for Editor in 0.00 ms.
Unloading 1126 Unused Serialized files (Serialized files now loaded: 0)
System memory in use before: 62.7 MB.
System memory in use after: 62.7 MB.

Unloading 5 unused Assets to reduce memory usage. Loaded Objects now: 1764.
Total: 2.038300 ms (FindLiveObjects: 0.144800 ms CreateObjectMapping: 0.034600 ms MarkObjects: 1.806800 ms  DeleteObjects: 0.050400 ms)

========================================================================
Received Prepare
Registering precompiled user dll's ...
Registered in 0.000573 seconds.
Begin MonoManager ReloadAssembly
Native extension for WindowsStandalone target not found
Refreshing native plugins compatible for Editor in 0.21 ms, found 0 plugins.
Preloading 0 native plugins for Editor in 0.00 ms.
Invoked RoslynAnalysisRunner static constructor.
RoslynAnalysisRunner will not be running.
RoslynAnalysisRunner has terminated.
Mono: successfully reloaded assembly
- Completed reload, in  0.741 seconds
Platform modules already initialized, skipping
Refreshing native plugins compatible for Editor in 0.28 ms, found 0 plugins.
Preloading 0 native plugins for Editor in 0.00 ms.
Unloading 1126 Unused Serialized files (Serialized files now loaded: 0)
System memory in use before: 62.7 MB.
System memory in use after: 62.7 MB.

Unloading 5 unused Assets to reduce memory usage. Loaded Objects now: 1767.
Total: 1.583000 ms (FindLiveObjects: 0.155700 ms CreateObjectMapping: 0.039500 ms MarkObjects: 1.336300 ms  DeleteObjects: 0.050300 ms)

========================================================================
Received Prepare
Registering precompiled user dll's ...
Registered in 0.000538 seconds.
Begin MonoManager ReloadAssembly
Native extension for WindowsStandalone target not found
Refreshing native plugins compatible for Editor in 0.19 ms, found 0 plugins.
Preloading 0 native plugins for Editor in 0.00 ms.
Invoked RoslynAnalysisRunner static constructor.
RoslynAnalysisRunner will not be running.
RoslynAnalysisRunner has terminated.
Mono: successfully reloaded assembly
- Completed reload, in  0.753 seconds
Platform modules already initialized, skipping
Refreshing native plugins compatible for Editor in 0.24 ms, found 0 plugins.
Preloading 0 native plugins for Editor in 0.00 ms.
Unloading 1126 Unused Serialized files (Serialized files now loaded: 0)
System memory in use before: 62.7 MB.
System memory in use after: 62.8 MB.

Unloading 5 unused Assets to reduce memory usage. Loaded Objects now: 1770.
Total: 1.693700 ms (FindLiveObjects: 0.143500 ms CreateObjectMapping: 0.035000 ms MarkObjects: 1.464300 ms  DeleteObjects: 0.049500 ms)

========================================================================
Received Prepare
Registering precompiled user dll's ...
Registered in 0.000581 seconds.
Begin MonoManager ReloadAssembly
Native extension for WindowsStandalone target not found
Refreshing native plugins compatible for Editor in 0.26 ms, found 0 plugins.
Preloading 0 native plugins for Editor in 0.00 ms.
Invoked RoslynAnalysisRunner static constructor.
RoslynAnalysisRunner will not be running.
RoslynAnalysisRunner has terminated.
Mono: successfully reloaded assembly
- Completed reload, in  0.776 seconds
Platform modules already initialized, skipping
Refreshing native plugins compatible for Editor in 0.18 ms, found 0 plugins.
Preloading 0 native plugins for Editor in 0.00 ms.
Unloading 1126 Unused Serialized files (Serialized files now loaded: 0)
System memory in use before: 62.7 MB.
System memory in use after: 62.8 MB.

Unloading 5 unused Assets to reduce memory usage. Loaded Objects now: 1773.
Total: 1.944300 ms (FindLiveObjects: 0.345800 ms CreateObjectMapping: 0.077400 ms MarkObjects: 1.466300 ms  DeleteObjects: 0.053300 ms)

========================================================================
Received Prepare
Registering precompiled user dll's ...
Registered in 0.000507 seconds.
Begin MonoManager ReloadAssembly
Native extension for WindowsStandalone target not found
Refreshing native plugins compatible for Editor in 0.20 ms, found 0 plugins.
Preloading 0 native plugins for Editor in 0.00 ms.
Invoked RoslynAnalysisRunner static constructor.
RoslynAnalysisRunner will not be running.
RoslynAnalysisRunner has terminated.
Mono: successfully reloaded assembly
- Completed reload, in  0.641 seconds
Platform modules already initialized, skipping
Refreshing native plugins compatible for Editor in 0.18 ms, found 0 plugins.
Preloading 0 native plugins for Editor in 0.00 ms.
Unloading 1126 Unused Serialized files (Serialized files now loaded: 0)
System memory in use before: 62.7 MB.
System memory in use after: 62.8 MB.

Unloading 5 unused Assets to reduce memory usage. Loaded Objects now: 1776.
Total: 1.872100 ms (FindLiveObjects: 0.247000 ms CreateObjectMapping: 0.076200 ms MarkObjects: 1.477700 ms  DeleteObjects: 0.069800 ms)

========================================================================
Received Prepare
Registering precompiled user dll's ...
Registered in 0.000487 seconds.
Begin MonoManager ReloadAssembly
Native extension for WindowsStandalone target not found
Refreshing native plugins compatible for Editor in 0.29 ms, found 0 plugins.
Preloading 0 native plugins for Editor in 0.00 ms.
Invoked RoslynAnalysisRunner static constructor.
RoslynAnalysisRunner will not be running.
RoslynAnalysisRunner has terminated.
Mono: successfully reloaded assembly
- Completed reload, in  0.698 seconds
Platform modules already initialized, skipping
Refreshing native plugins compatible for Editor in 0.18 ms, found 0 plugins.
Preloading 0 native plugins for Editor in 0.00 ms.
Unloading 1126 Unused Serialized files (Serialized files now loaded: 0)
System memory in use before: 62.7 MB.
System memory in use after: 62.8 MB.

Unloading 5 unused Assets to reduce memory usage. Loaded Objects now: 1779.
Total: 1.590600 ms (FindLiveObjects: 0.176600 ms CreateObjectMapping: 0.061900 ms MarkObjects: 1.299300 ms  DeleteObjects: 0.051700 ms)

========================================================================
Received Prepare
Registering precompiled user dll's ...
Registered in 0.000477 seconds.
Begin MonoManager ReloadAssembly
Native extension for WindowsStandalone target not found
Refreshing native plugins compatible for Editor in 0.18 ms, found 0 plugins.
Preloading 0 native plugins for Editor in 0.00 ms.
Invoked RoslynAnalysisRunner static constructor.
RoslynAnalysisRunner will not be running.
RoslynAnalysisRunner has terminated.
Mono: successfully reloaded assembly
- Completed reload, in  0.609 seconds
Platform modules already initialized, skipping
Refreshing native plugins compatible for Editor in 0.18 ms, found 0 plugins.
Preloading 0 native plugins for Editor in 0.00 ms.
Unloading 1126 Unused Serialized files (Serialized files now loaded: 0)
System memory in use before: 62.7 MB.
System memory in use after: 62.8 MB.

Unloading 5 unused Assets to reduce memory usage. Loaded Objects now: 1782.
Total: 1.419800 ms (FindLiveObjects: 0.143100 ms CreateObjectMapping: 0.033900 ms MarkObjects: 1.196600 ms  DeleteObjects: 0.045400 ms)

